435
0 436 436
1 437 437
2 439 439
3 443 443
4 451 451
5 467 467
6 499 501
7 51 52
8 179 179
33
0 34 34
1 35 35
2 37 38
3 41 41
4 49 49
5 65 66
6 97 98
7 161 161
8 289 289
444
0 445 446
1 446 446
2 448 448
3 452 452
4 460 460
5 476 476
6 508 508
7 60 60
8 188 188
380
0 381 381
1 382 382
2 384 384
3 388 388
4 396 396
5 412 412
6 444 444
7 508 508
8 124 124
62
0 63 64
1 64 64
2 66 66
3 70 70
4 78 78
5 94 94
6 126 126
7 190 190
8 318 318
464
0 465 465
1 466 467
2 468 468
3 472 472
4 480 480
5 496 496
6 16 16
7 80 80
8 208 208
156
0 157 157
1 158 159
2 160 161
3 164 166
4 172 172
5 188 188
6 220 220
7 284 284
8 412 412
508
0 509 509
1 510 510
2 0 0
3 4 4
4 12 13
5 28 28
6 60 60
7 124 124
8 252 253
401
0 402 402
1 403 403
2 405 405
3 409 409
4 417 418
5 433 433
6 465 465
7 17 17
8 145 145
50
0 51 52
1 52 52
2 54 54
3 58 58
4 66 66
5 82 83
6 114 114
7 178 178
8 306 306
185
0 186 186
1 187 187
2 189 189
3 193 193
4 201 201
5 217 217
6 249 249
7 313 313
8 441 441
172
0 173 173
1 174 174
2 176 176
3 180 180
4 188 188
5 204 204
6 236 236
7 300 300
8 428 428
112
0 113 113
1 114 114
2 116 116
3 120 120
4 128 128
5 144 144
6 176 176
7 240 240
8 368 368
346
0 347 348
1 348 348
2 350 350
3 354 354
4 362 362
5 378 378
6 410 410
7 474 474
8 90 90
194
0 195 195
1 196 196
2 198 198
3 202 202
4 210 210
5 226 226
6 258 258
7 322 322
8 450 450
107
0 108 108
1 109 109
2 111 111
3 115 116
4 123 123
5 139 139
6 171 172
7 235 236
8 363 363
366
0 367 367
1 368 368
2 370 371
3 374 374
4 382 382
5 398 398
6 430 430
7 494 494
8 110 110
286
0 287 287
1 288 288
2 290 290
3 294 295
4 302 302
5 318 318
6 350 350
7 414 414
8 30 30
227
0 228 228
1 229 229
2 231 231
3 235 236
4 243 243
5 259 259
6 291 291
7 355 355
8 483 483
365
0 366 366
1 367 367
2 369 369
3 373 373
4 381 381
5 397 397
6 429 429
7 493 493
8 109 109
52
0 53 53
1 54 54
2 56 57
3 60 60
4 68 68
5 84 84
6 116 116
7 180 180
8 308 308
493
0 494 494
1 495 495
2 497 497
3 501 501
4 509 509
5 13 13
6 45 45
7 109 109
8 237 237
90
0 91 91
1 92 92
2 94 94
3 98 98
4 106 106
5 122 122
6 154 156
7 218 218
8 346 346
395
0 396 396
1 397 397
2 399 401
3 403 403
4 411 412
5 427 427
6 459 459
7 11 11
8 139 139
441
0 442 443
1 443 443
2 445 446
3 449 449
4 457 457
5 473 473
6 505 505
7 57 57
8 185 185
83
0 84 84
1 85 85
2 87 87
3 91 91
4 99 99
5 115 116
6 147 147
7 211 213
8 339 339
110
0 111 111
1 112 112
2 114 114
3 118 118
4 126 126
5 142 142
6 174 174
7 238 239
8 366 366
78
0 79 79
1 80 80
2 82 83
3 86 86
4 94 94
5 110 110
6 142 142
7 206 206
8 334 334
396
0 397 397
1 398 398
2 400 401
3 404 404
4 412 412
5 428 428
6 460 460
7 12 13
8 140 141
359
0 360 360
1 361 361
2 363 363
3 367 367
4 375 375
5 391 391
6 423 423
7 487 487
8 103 103
181
0 182 182
1 183 183
2 185 185
3 189 189
4 197 197
5 213 213
6 245 246
7 309 309
8 437 437
64
0 65 66
1 66 66
2 68 68
3 72 72
4 80 80
5 96 96
6 128 128
7 192 192
8 320 320
32
0 33 33
1 34 34
2 36 36
3 40 40
4 48 48
5 64 64
6 96 96
7 160 161
8 288 288
114
0 115 116
1 116 116
2 118 118
3 122 122
4 130 131
5 146 146
6 178 178
7 242 242
8 370 371
73
0 74 74
1 75 76
2 77 77
3 81 81
4 89 90
5 105 105
6 137 137
7 201 201
8 329 329
239
0 240 240
1 241 242
2 243 243
3 247 247
4 255 255
5 271 272
6 303 303
7 367 367
8 495 495
485
0 486 486
1 487 487
2 489 490
3 493 493
4 501 501
5 5 6
6 37 38
7 101 101
8 229 229
258
0 259 259
1 260 260
2 262 262
3 266 266
4 274 274
5 290 290
6 322 322
7 386 386
8 2 2
249
0 250 250
1 251 251
2 253 253
3 257 257
4 265 266
5 281 281
6 313 313
7 377 378
8 505 505
423
0 424 425
1 425 425
2 427 427
3 431 431
4 439 439
5 455 456
6 487 487
7 39 39
8 167 167
336
0 337 338
1 338 338
2 340 340
3 344 344
4 352 354
5 368 368
6 400 401
7 464 464
8 80 80
247
0 248 249
1 249 249
2 251 251
3 255 255
4 263 263
5 279 280
6 311 311
7 375 375
8 503 503
354
0 355 355
1 356 356
2 358 358
3 362 362
4 370 371
5 386 386
6 418 418
7 482 482
8 98 98
349
0 350 350
1 351 351
2 353 354
3 357 357
4 365 365
5 381 381
6 413 413
7 477 477
8 93 93
141
0 142 142
1 143 143
2 145 145
3 149 149
4 157 157
5 173 173
6 205 205
7 269 269
8 397 397
388
0 389 390
1 390 390
2 392 395
3 396 396
4 404 404
5 420 420
6 452 452
7 4 4
8 132 132
498
0 499 501
1 500 501
2 502 502
3 506 506
4 2 2
5 18 18
6 50 50
7 114 114
8 242 242
170
0 171 172
1 172 172
2 174 174
3 178 178
4 186 186
5 202 202
6 234 234
7 298 298
8 426 426
302
0 303 303
1 304 304
2 306 306
3 310 310
4 318 318
5 334 334
6 366 366
7 430 430
8 46 46
207
0 208 208
1 209 209
2 211 213
3 215 215
4 223 223
5 239 239
6 271 272
7 335 335
8 463 463
93
0 94 94
1 95 95
2 97 98
3 101 101
4 109 109
5 125 126
6 157 157
7 221 222
8 349 349
295
0 296 296
1 297 297
2 299 299
3 303 303
4 311 311
5 327 327
6 359 359
7 423 423
8 39 39
461
0 462 462
1 463 463
2 465 465
3 469 469
4 477 477
5 493 493
6 13 13
7 77 77
8 205 205
118
0 119 119
1 120 120
2 122 122
3 126 126
4 134 134
5 150 150
6 182 182
7 246 246
8 374 374
277
0 278 278
1 279 280
2 281 281
3 285 286
4 293 293
5 309 309
6 341 341
7 405 405
8 21 21
208
0 209 209
1 210 210
2 212 213
3 216 216
4 224 224
5 240 240
6 272 272
7 336 336
8 464 464
22
0 23 23
1 24 25
2 26 26
3 30 30
4 38 38
5 54 54
6 86 86
7 150 150
8 278 278
501
0 502 502
1 503 503
2 505 505
3 509 509
4 5 6
5 21 21
6 53 53
7 117 117
8 245 246
425
0 426 426
1 427 427
2 429 429
3 433 433
4 441 441
5 457 457
6 489 490
7 41 41
8 169 170
27
0 28 28
1 29 29
2 31 31
3 35 35
4 43 44
5 59 59
6 91 91
7 155 156
8 283 283
348
0 349 349
1 350 350
2 352 354
3 356 356
4 364 364
5 380 380
6 412 412
7 476 476
8 92 92
308
0 309 309
1 310 310
2 312 312
3 316 316
4 324 325
5 340 340
6 372 372
7 436 436
8 52 52
283
0 284 284
1 285 286
2 287 287
3 291 291
4 299 299
5 315 315
6 347 348
7 411 412
8 27 27
266
0 267 267
1 268 268
2 270 270
3 274 274
4 282 283
5 298 298
6 330 331
7 394 395
8 10 10
128
0 129 129
1 130 131
2 132 132
3 136 136
4 144 144
5 160 161
6 192 192
7 256 256
8 384 384
443
0 444 444
1 445 446
2 447 447
3 451 451
4 459 459
5 475 475
6 507 507
7 59 59
8 187 187
113
0 114 114
1 115 116
2 117 117
3 121 121
4 129 129
5 145 145
6 177 177
7 241 242
8 369 369
280
0 281 281
1 282 283
2 284 284
3 288 288
4 296 296
5 312 312
6 344 344
7 408 408
8 24 25
487
0 488 488
1 489 490
2 491 491
3 495 495
4 503 503
5 7 8
6 39 39
7 103 103
8 231 231
369
0 370 371
1 371 371
2 373 373
3 377 378
4 385 386
5 401 401
6 433 433
7 497 497
8 113 113
121
0 122 122
1 123 123
2 125 126
3 129 129
4 137 137
5 153 153
6 185 185
7 249 249
8 377 378
364
0 365 365
1 366 366
2 368 368
3 372 372
4 380 380
5 396 396
6 428 428
7 492 492
8 108 108
363
0 364 364
1 365 365
2 367 367
3 371 371
4 379 379
5 395 395
6 427 427
7 491 491
8 107 107
90
0 91 91
1 92 92
2 94 94
3 98 98
4 106 106
5 122 122
6 154 156
7 218 218
8 346 346
59
0 60 60
1 61 61
2 63 64
3 67 67
4 75 76
5 91 91
6 123 123
7 187 187
8 315 315
14
0 15 15
1 16 16
2 18 18
3 22 22
4 30 30
5 46 46
6 78 78
7 142 142
8 270 270
467
0 468 468
1 469 469
2 471 471
3 475 475
4 483 483
5 499 501
6 19 20
7 83 83
8 211 213
186
0 187 187
1 188 188
2 190 190
3 194 194
4 202 202
5 218 218
6 250 250
7 314 314
8 442 443
13
0 14 14
1 15 15
2 17 17
3 21 21
4 29 29
5 45 45
6 77 77
7 141 141
8 269 269
215
0 216 216
1 217 217
2 219 219
3 223 223
4 231 231
5 247 247
6 279 280
7 343 343
8 471 471
478
0 479 479
1 480 480
2 482 482
3 486 486
4 494 494
5 510 510
6 30 30
7 94 94
8 222 222
173
0 174 174
1 175 175
2 177 177
3 181 181
4 189 189
5 205 205
6 237 237
7 301 301
8 429 429
343
0 344 344
1 345 345
2 347 348
3 351 351
4 359 359
5 375 375
6 407 407
7 471 471
8 87 87
505
0 506 506
1 507 507
2 509 509
3 1 1
4 9 10
5 25 25
6 57 57
7 121 121
8 249 249
439
0 440 441
1 441 441
2 443 443
3 447 447
4 455 456
5 471 471
6 503 503
7 55 55
8 183 183
106
0 107 107
1 108 108
2 110 110
3 114 114
4 122 122
5 138 138
6 170 170
7 234 234
8 362 362
338
0 339 339
1 340 340
2 342 343
3 346 346
4 354 354
5 370 371
6 402 402
7 466 467
8 82 83
292
0 293 293
1 294 295
2 296 296
3 300 300
4 308 308
5 324 325
6 356 356
7 420 420
8 36 36
284
0 285 286
1 286 286
2 288 288
3 292 292
4 300 300
5 316 316
6 348 348
7 412 412
8 28 28
25
0 26 26
1 27 27
2 29 29
3 33 33
4 41 41
5 57 57
6 89 90
7 153 153
8 281 281
46
0 47 47
1 48 48
2 50 50
3 54 54
4 62 62
5 78 78
6 110 110
7 174 174
8 302 302
149
0 150 150
1 151 151
2 153 153
3 157 157
4 165 166
5 181 181
6 213 213
7 277 277
8 405 405
77
0 78 78
1 79 79
2 81 81
3 85 85
4 93 93
5 109 109
6 141 141
7 205 205
8 333 333
76
0 77 77
1 78 78
2 80 80
3 84 84
4 92 92
5 108 108
6 140 141
7 204 204
8 332 332
438
0 439 439
1 440 441
2 442 443
3 446 446
4 454 454
5 470 470
6 502 502
7 54 54
8 182 182
382
0 383 383
1 384 384
2 386 386
3 390 390
4 398 398
5 414 414
6 446 446
7 510 510
8 126 126
123
0 124 124
1 125 126
2 127 127
3 131 131
4 139 139
5 155 156
6 187 187
7 251 251
8 379 379
222
0 223 223
1 224 224
2 226 226
3 230 230
4 238 239
5 254 254
6 286 286
7 350 350
8 478 478
94
0 95 95
1 96 96
2 98 98
3 102 102
4 110 110
5 126 126
6 158 159
7 222 222
8 350 350
351
0 352 354
1 353 354
2 355 355
3 359 359
4 367 367
5 383 383
6 415 415
7 479 479
8 95 95
310
0 311 311
1 312 312
2 314 314
3 318 318
4 326 326
5 342 343
6 374 374
7 438 438
8 54 54
11
0 12 13
1 13 13
2 15 15
3 19 20
4 27 27
5 43 44
6 75 76
7 139 139
8 267 267
192
0 193 193
1 194 194
2 196 196
3 200 200
4 208 208
5 224 224
6 256 256
7 320 320
8 448 448
172
0 173 173
1 174 174
2 176 176
3 180 180
4 188 188
5 204 204
6 236 236
7 300 300
8 428 428
322
0 323 323
1 324 325
2 326 326
3 330 331
4 338 338
5 354 354
6 386 386
7 450 450
8 66 66
219
0 220 220
1 221 222
2 223 223
3 227 227
4 235 236
5 251 251
6 283 283
7 347 348
8 475 475
66
0 67 67
1 68 68
2 70 70
3 74 74
4 82 83
5 98 98
6 130 131
7 194 194
8 322 322
102
0 103 103
1 104 104
2 106 106
3 110 110
4 118 118
5 134 134
6 166 166
7 230 230
8 358 358
397
0 398 398
1 399 401
2 401 401
3 405 405
4 413 413
5 429 429
6 461 461
7 13 13
8 141 141
391
0 392 395
1 393 395
2 395 395
3 399 401
4 407 407
5 423 423
6 455 456
7 7 8
8 135 136
249
0 250 250
1 251 251
2 253 253
3 257 257
4 265 266
5 281 281
6 313 313
7 377 378
8 505 505
98
0 99 99
1 100 100
2 102 102
3 106 106
4 114 114
5 130 131
6 162 166
7 226 226
8 354 354
437
0 438 438
1 439 439
2 441 441
3 445 446
4 453 454
5 469 469
6 501 501
7 53 53
8 181 181
509
0 510 510
1 511 0
2 1 1
3 5 6
4 13 13
5 29 29
6 61 61
7 125 126
8 253 253
427
0 428 428
1 429 429
2 431 431
3 435 435
4 443 443
5 459 459
6 491 491
7 43 44
8 171 172
475
0 476 476
1 477 477
2 479 479
3 483 483
4 491 491
5 507 507
6 27 27
7 91 91
8 219 219
395
0 396 396
1 397 397
2 399 401
3 403 403
4 411 412
5 427 427
6 459 459
7 11 11
8 139 139
91
0 92 92
1 93 93
2 95 95
3 99 99
4 107 107
5 123 123
6 155 156
7 219 219
8 347 348
40
0 41 41
1 42 42
2 44 44
3 48 48
4 56 57
5 72 72
6 104 104
7 168 168
8 296 296
41
0 42 42
1 43 44
2 45 45
3 49 49
4 57 57
5 73 73
6 105 105
7 169 170
8 297 297
167
0 168 168
1 169 170
2 171 172
3 175 175
4 183 183
5 199 199
6 231 231
7 295 295
8 423 423
191
0 192 192
1 193 193
2 195 195
3 199 199
4 207 207
5 223 223
6 255 255
7 319 319
8 447 447
483
0 484 484
1 485 485
2 487 487
3 491 491
4 499 501
5 3 3
6 35 35
7 99 99
8 227 227
373
0 374 374
1 375 375
2 377 378
3 381 381
4 389 390
5 405 405
6 437 437
7 501 501
8 117 117
447
0 448 448
1 449 449
2 451 451
3 455 456
4 463 463
5 479 479
6 511 0
7 63 64
8 191 191
301
0 302 302
1 303 303
2 305 306
3 309 309
4 317 317
5 333 333
6 365 365
7 429 429
8 45 45
103
0 104 104
1 105 105
2 107 107
3 111 111
4 119 119
5 135 136
6 167 167
7 231 231
8 359 359
231
0 232 232
1 233 234
2 235 236
3 239 239
4 247 247
5 263 263
6 295 295
7 359 359
8 487 487
87
0 88 90
1 89 90
2 91 91
3 95 95
4 103 103
5 119 119
6 151 151
7 215 215
8 343 343
220
0 221 222
1 222 222
2 224 224
3 228 228
4 236 236
5 252 253
6 284 284
7 348 348
8 476 476
306
0 307 308
1 308 308
2 310 310
3 314 314
4 322 322
5 338 338
6 370 371
7 434 434
8 50 50
230
0 231 231
1 232 232
2 234 234
3 238 239
4 246 246
5 262 262
6 294 295
7 358 358
8 486 486
49
0 50 50
1 51 52
2 53 53
3 57 57
4 65 66
5 81 81
6 113 113
7 177 177
8 305 306
470
0 471 471
1 472 472
2 474 474
3 478 478
4 486 486
5 502 502
6 22 22
7 86 86
8 214 214
443
0 444 444
1 445 446
2 447 447
3 451 451
4 459 459
5 475 475
6 507 507
7 59 59
8 187 187
176
0 177 177
1 178 178
2 180 180
3 184 185
4 192 192
5 208 208
6 240 240
7 304 304
8 432 432
491
0 492 492
1 493 493
2 495 495
3 499 501
4 507 507
5 11 11
6 43 44
7 107 107
8 235 236
127
0 128 128
1 129 129
2 131 131
3 135 136
4 143 143
5 159 159
6 191 191
7 255 255
8 383 383
150
0 151 151
1 152 152
2 154 156
3 158 159
4 166 166
5 182 182
6 214 214
7 278 278
8 406 407
85
0 86 86
1 87 87
2 89 90
3 93 93
4 101 101
5 117 117
6 149 149
7 213 213
8 341 341
281
0 282 283
1 283 283
2 285 286
3 289 289
4 297 297
5 313 313
6 345 345
7 409 409
8 25 25
28
0 29 29
1 30 30
2 32 32
3 36 36
4 44 44
5 60 60
6 92 92
7 156 156
8 284 284
236
0 237 237
1 238 239
2 240 240
3 244 244
4 252 253
5 268 268
6 300 300
7 364 364
8 492 492
492
0 493 493
1 494 494
2 496 496
3 500 501
4 508 508
5 12 13
6 44 44
7 108 108
8 236 236
3
0 4 4
1 5 6
2 7 8
3 11 11
4 19 20
5 35 35
6 67 67
7 131 131
8 259 259
100
0 101 101
1 102 102
2 104 104
3 108 108
4 116 116
5 132 132
6 164 166
7 228 228
8 356 356
116
0 117 117
1 118 118
2 120 120
3 124 124
4 132 132
5 148 149
6 180 180
7 244 244
8 372 372
223
0 224 224
1 225 225
2 227 227
3 231 231
4 239 239
5 255 255
6 287 287
7 351 351
8 479 479
228
0 229 229
1 230 230
2 232 232
3 236 236
4 244 244
5 260 260
6 292 292
7 356 356
8 484 484
340
0 341 341
1 342 343
2 344 344
3 348 348
4 356 356
5 372 372
6 404 404
7 468 468
8 84 84
481
0 482 482
1 483 483
2 485 485
3 489 490
4 497 497
5 1 1
6 33 33
7 97 98
8 225 225
456
0 457 457
1 458 459
2 460 460
3 464 464
4 472 472
5 488 488
6 8 8
7 72 72
8 200 200
101
0 102 102
1 103 103
2 105 105
3 109 109
4 117 117
5 133 134
6 165 166
7 229 229
8 357 357
177
0 178 178
1 179 179
2 181 181
3 185 185
4 193 193
5 209 209
6 241 242
7 305 306
8 433 433
98
0 99 99
1 100 100
2 102 102
3 106 106
4 114 114
5 130 131
6 162 166
7 226 226
8 354 354
433
0 434 434
1 435 435
2 437 437
3 441 441
4 449 449
5 465 465
6 497 497
7 49 49
8 177 177
390
0 391 391
1 392 395
2 394 395
3 398 398
4 406 407
5 422 423
6 454 454
7 6 6
8 134 134
402
0 403 403
1 404 404
2 406 407
3 410 410
4 418 418
5 434 434
6 466 467
7 18 18
8 146 146
76
0 77 77
1 78 78
2 80 80
3 84 84
4 92 92
5 108 108
6 140 141
7 204 204
8 332 332
185
0 186 186
1 187 187
2 189 189
3 193 193
4 201 201
5 217 217
6 249 249
7 313 313
8 441 441
92
0 93 93
1 94 94
2 96 96
3 100 100
4 108 108
5 124 124
6 156 156
7 220 220
8 348 348
57
0 58 58
1 59 59
2 61 61
3 65 66
4 73 73
5 89 90
6 121 121
7 185 185
8 313 313
486
0 487 487
1 488 488
2 490 490
3 494 494
4 502 502
5 6 6
6 38 38
7 102 102
8 230 230
48
0 49 49
1 50 50
2 52 52
3 56 57
4 64 64
5 80 80
6 112 112
7 176 176
8 304 304
484
0 485 485
1 486 486
2 488 488
3 492 492
4 500 501
5 4 4
6 36 36
7 100 100
8 228 228
386
0 387 387
1 388 388
2 390 390
3 394 395
4 402 402
5 418 418
6 450 450
7 2 2
8 130 131
131
0 132 132
1 133 134
2 135 136
3 139 139
4 147 147
5 163 166
6 195 195
7 259 259
8 387 387
472
0 473 473
1 474 474
2 476 476
3 480 480
4 488 488
5 504 504
6 24 25
7 88 90
8 216 216
361
0 362 362
1 363 363
2 365 365
3 369 369
4 377 378
5 393 395
6 425 425
7 489 490
8 105 105
344
0 345 345
1 346 346
2 348 348
3 352 354
4 360 360
5 376 376
6 408 408
7 472 472
8 88 90
0
0 1 1
1 2 2
2 4 4
3 8 8
4 16 16
5 32 32
6 64 64
7 128 128
8 256 256
38
0 39 39
1 40 40
2 42 42
3 46 46
4 54 54
5 70 70
6 102 102
7 166 166
8 294 295
276
0 277 277
1 278 278
2 280 280
3 284 284
4 292 292
5 308 308
6 340 340
7 404 404
8 20 20
259
0 260 260
1 261 261
2 263 263
3 267 267
4 275 275
5 291 291
6 323 323
7 387 387
8 3 3
303
0 304 304
1 305 306
2 307 308
3 311 311
4 319 319
5 335 335
6 367 367
7 431 431
8 47 47
316
0 317 317
1 318 318
2 320 320
3 324 325
4 332 332
5 348 348
6 380 380
7 444 444
8 60 60
425
0 426 426
1 427 427
2 429 429
3 433 433
4 441 441
5 457 457
6 489 490
7 41 41
8 169 170
136
0 137 137
1 138 138
2 140 141
3 144 144
4 152 152
5 168 168
6 200 200
7 264 266
8 392 395
132
0 133 134
1 134 134
2 136 136
3 140 141
4 148 149
5 164 166
6 196 196
7 260 260
8 388 388
469
0 470 470
1 471 471
2 473 473
3 477 477
4 485 485
5 501 501
6 21 21
7 85 85
8 213 213
57
0 58 58
1 59 59
2 61 61
3 65 66
4 73 73
5 89 90
6 121 121
7 185 185
8 313 313
343
0 344 344
1 345 345
2 347 348
3 351 351
4 359 359
5 375 375
6 407 407
7 471 471
8 87 87
35
0 36 36
1 37 38
2 39 39
3 43 44
4 51 52
5 67 67
6 99 99
7 163 166
8 291 291
290
0 291 291
1 292 292
2 294 295
3 298 298
4 306 306
5 322 322
6 354 354
7 418 418
8 34 34
240
0 241 242
1 242 242
2 244 244
3 248 249
4 256 256
5 272 272
6 304 304
7 368 368
8 496 496
260
0 261 261
1 262 262
2 264 266
3 268 268
4 276 276
5 292 292
6 324 325
7 388 388
8 4 4
244
0 245 246
1 246 246
2 248 249
3 252 253
4 260 260
5 276 276
6 308 308
7 372 372
8 500 501
72
0 73 73
1 74 74
2 76 76
3 80 80
4 88 90
5 104 104
6 136 136
7 200 200
8 328 329
329
0 330 331
1 331 331
2 333 333
3 337 338
4 345 345
5 361 361
6 393 395
7 457 457
8 73 73
67
0 68 68
1 69 69
2 71 71
3 75 76
4 83 83
5 99 99
6 131 131
7 195 195
8 323 323
166
0 167 167
1 168 168
2 170 170
3 174 174
4 182 182
5 198 198
6 230 230
7 294 295
8 422 423
149
0 150 150
1 151 151
2 153 153
3 157 157
4 165 166
5 181 181
6 213 213
7 277 277
8 405 405
262
0 263 263
1 264 266
2 266 266
3 270 270
4 278 278
5 294 295
6 326 326
7 390 390
8 6 6
420
0 421 421
1 422 423
2 424 425
3 428 428
4 436 436
5 452 452
6 484 484
7 36 36
8 164 166
451
0 452 452
1 453 454
2 455 456
3 459 459
4 467 467
5 483 483
6 3 3
7 67 67
8 195 195
253
0 254 254
1 255 255
2 257 257
3 261 261
4 269 269
5 285 286
6 317 317
7 381 381
8 509 509
23
0 24 25
1 25 25
2 27 27
3 31 31
4 39 39
5 55 55
6 87 87
7 151 151
8 279 280
153
0 154 156
1 155 156
2 157 157
3 161 161
4 169 170
5 185 185
6 217 217
7 281 281
8 409 409
350
0 351 351
1 352 354
2 354 354
3 358 358
4 366 366
5 382 382
6 414 414
7 478 478
8 94 94
197
0 198 198
1 199 199
2 201 201
3 205 205
4 213 213
5 229 229
6 261 261
7 325 325
8 453 454
306
0 307 308
1 308 308
2 310 310
3 314 314
4 322 322
5 338 338
6 370 371
7 434 434
8 50 50
18
0 19 20
1 20 20
2 22 22
3 26 26
4 34 34
5 50 50
6 82 83
7 146 146
8 274 274
494
0 495 495
1 496 496
2 498 498
3 502 502
4 510 510
5 14 14
6 46 46
7 110 110
8 238 239
20
0 21 21
1 22 22
2 24 25
3 28 28
4 36 36
5 52 52
6 84 84
7 148 149
8 276 276
203
0 204 204
1 205 205
2 207 207
3 211 213
4 219 219
5 235 236
6 267 267
7 331 331
8 459 459
13
0 14 14
1 15 15
2 17 17
3 21 21
4 29 29
5 45 45
6 77 77
7 141 141
8 269 269
251
0 252 253
1 253 253
2 255 255
3 259 259
4 267 267
5 283 283
6 315 315
7 379 379
8 507 507
488
0 489 490
1 490 490
2 492 492
3 496 496
4 504 504
5 8 8
6 40 40
7 104 104
8 232 232
357
0 358 358
1 359 359
2 361 361
3 365 365
4 373 373
5 389 390
6 421 421
7 485 485
8 101 101
395
0 396 396
1 397 397
2 399 401
3 403 403
4 411 412
5 427 427
6 459 459
7 11 11
8 139 139
378
0 379 379
1 380 380
2 382 382
3 386 386
4 394 395
5 410 410
6 442 443
7 506 506
8 122 122
311
0 312 312
1 313 313
2 315 315
3 319 319
4 327 327
5 343 343
6 375 375
7 439 439
8 55 55
272
0 273 273
1 274 274
2 276 276
3 280 280
4 288 288
5 304 304
6 336 336
7 400 401
8 16 16
226
0 227 227
1 228 228
2 230 230
3 234 234
4 242 242
5 258 258
6 290 290
7 354 354
8 482 482
354
0 355 355
1 356 356
2 358 358
3 362 362
4 370 371
5 386 386
6 418 418
7 482 482
8 98 98
274
0 275 275
1 276 276
2 278 278
3 282 283
4 290 290
5 306 306
6 338 338
7 402 402
8 18 18
378
0 379 379
1 380 380
2 382 382
3 386 386
4 394 395
5 410 410
6 442 443
7 506 506
8 122 122
375
0 376 376
1 377 378
2 379 379
3 383 383
4 391 391
5 407 407
6 439 439
7 503 503
8 119 119
360
0 361 361
1 362 362
2 364 364
3 368 368
4 376 376
5 392 395
6 424 425
7 488 488
8 104 104
506
0 507 507
1 508 508
2 510 510
3 2 2
4 10 10
5 26 26
6 58 58
7 122 122
8 250 250
201
0 202 202
1 203 203
2 205 205
3 209 209
4 217 217
5 233 234
6 265 266
7 329 329
8 457 457
4
0 5 6
1 6 6
2 8 8
3 12 13
4 20 20
5 36 36
6 68 68
7 132 132
8 260 260
418
0 419 420
1 420 420
2 422 423
3 426 426
4 434 434
5 450 450
6 482 482
7 34 34
8 162 166
368
0 369 369
1 370 371
2 372 372
3 376 376
4 384 384
5 400 401
6 432 432
7 496 496
8 112 112
462
0 463 463
1 464 464
2 466 467
3 470 470
4 478 478
5 494 494
6 14 14
7 78 78
8 206 206
144
0 145 145
1 146 146
2 148 149
3 152 152
4 160 161
5 176 176
6 208 208
7 272 272
8 400 401
331
0 332 332
1 333 333
2 335 335
3 339 339
4 347 348
5 363 363
6 395 395
7 459 459
8 75 76
1
0 2 2
1 3 3
2 5 6
3 9 10
4 17 17
5 33 33
6 65 66
7 129 129
8 257 257
55
0 56 57
1 57 57
2 59 59
3 63 64
4 71 71
5 87 87
6 119 119
7 183 183
8 311 311
214
0 215 215
1 216 216
2 218 218
3 222 222
4 230 230
5 246 246
6 278 278
7 342 343
8 470 470
159
0 160 161
1 161 161
2 163 166
3 167 167
4 175 175
5 191 191
6 223 223
7 287 287
8 415 415
142
0 143 143
1 144 144
2 146 146
3 150 150
4 158 159
5 174 174
6 206 206
7 270 270
8 398 398
234
0 235 236
1 236 236
2 238 239
3 242 242
4 250 250
5 266 266
6 298 298
7 362 362
8 490 490
156
0 157 157
1 158 159
2 160 161
3 164 166
4 172 172
5 188 188
6 220 220
7 284 284
8 412 412
8
0 9 10
1 10 10
2 12 13
3 16 16
4 24 25
5 40 40
6 72 72
7 136 136
8 264 266
314
0 315 315
1 316 316
2 318 318
3 322 322
4 330 331
5 346 346
6 378 378
7 442 443
8 58 58
450
0 451 451
1 452 452
2 454 454
3 458 459
4 466 467
5 482 482
6 2 2
7 66 66
8 194 194
338
0 339 339
1 340 340
2 342 343
3 346 346
4 354 354
5 370 371
6 402 402
7 466 467
8 82 83
371
0 372 372
1 373 373
2 375 375
3 379 379
4 387 387
5 403 403
6 435 435
7 499 501
8 115 116
134
0 135 136
1 136 136
2 138 138
3 142 142
4 150 150
5 166 166
6 198 198
7 262 262
8 390 390
20
0 21 21
1 22 22
2 24 25
3 28 28
4 36 36
5 52 52
6 84 84
7 148 149
8 276 276
17
0 18 18
1 19 20
2 21 21
3 25 25
4 33 33
5 49 49
6 81 81
7 145 145
8 273 273
383
0 384 384
1 385 386
2 387 387
3 391 391
4 399 401
5 415 415
6 447 447
7 511 0
8 127 127
2
0 3 3
1 4 4
2 6 6
3 10 10
4 18 18
5 34 34
6 66 66
7 130 131
8 258 258
257
0 258 258
1 259 259
2 261 261
3 265 266
4 273 273
5 289 289
6 321 322
7 385 386
8 1 1
239
0 240 240
1 241 242
2 243 243
3 247 247
4 255 255
5 271 272
6 303 303
7 367 367
8 495 495
137
0 138 138
1 139 139
2 141 141
3 145 145
4 153 153
5 169 170
6 201 201
7 265 266
8 393 395
189
0 190 190
1 191 191
2 193 193
3 197 197
4 205 205
5 221 222
6 253 253
7 317 317
8 445 446
387
0 388 388
1 389 390
2 391 391
3 395 395
4 403 403
5 419 420
6 451 451
7 3 3
8 131 131
267
0 268 268
1 269 269
2 271 272
3 275 275
4 283 283
5 299 299
6 331 331
7 395 395
8 11 11
295
0 296 296
1 297 297
2 299 299
3 303 303
4 311 311
5 327 327
6 359 359
7 423 423
8 39 39
273
0 274 274
1 275 275
2 277 277
3 281 281
4 289 289
5 305 306
6 337 338
7 401 401
8 17 17
339
0 340 340
1 341 341
2 343 343
3 347 348
4 355 355
5 371 371
6 403 403
7 467 467
8 83 83
122
0 123 123
1 124 124
2 126 126
3 130 131
4 138 138
5 154 156
6 186 186
7 250 250
8 378 378
405
0 406 407
1 407 407
2 409 409
3 413 413
4 421 421
5 437 437
6 469 469
7 21 21
8 149 149
407
0 408 408
1 409 409
2 411 412
3 415 415
4 423 423
5 439 439
6 471 471
7 23 23
8 151 151
105
0 106 106
1 107 107
2 109 109
3 113 113
4 121 121
5 137 137
6 169 170
7 233 234
8 361 361
234
0 235 236
1 236 236
2 238 239
3 242 242
4 250 250
5 266 266
6 298 298
7 362 362
8 490 490
250
0 251 251
1 252 253
2 254 254
3 258 258
4 266 266
5 282 283
6 314 314
7 378 378
8 506 506
196
0 197 197
1 198 198
2 200 200
3 204 204
4 212 213
5 228 228
6 260 260
7 324 325
8 452 452
322
0 323 323
1 324 325
2 326 326
3 330 331
4 338 338
5 354 354
6 386 386
7 450 450
8 66 66
291
0 292 292
1 293 293
2 295 295
3 299 299
4 307 308
5 323 323
6 355 355
7 419 420
8 35 35
90
0 91 91
1 92 92
2 94 94
3 98 98
4 106 106
5 122 122
6 154 156
7 218 218
8 346 346
449
0 450 450
1 451 451
2 453 454
3 457 457
4 465 465
5 481 481
6 1 1
7 65 66
8 193 193
26
0 27 27
1 28 28
2 30 30
3 34 34
4 42 42
5 58 58
6 90 90
7 154 156
8 282 283
117
0 118 118
1 119 119
2 121 121
3 125 126
4 133 134
5 149 149
6 181 181
7 245 246
8 373 373
218
0 219 219
1 220 220
2 222 222
3 226 226
4 234 234
5 250 250
6 282 283
7 346 346
8 474 474
156
0 157 157
1 158 159
2 160 161
3 164 166
4 172 172
5 188 188
6 220 220
7 284 284
8 412 412
304
0 305 306
1 306 306
2 308 308
3 312 312
4 320 320
5 336 336
6 368 368
7 432 432
8 48 48
145
0 146 146
1 147 147
2 149 149
3 153 153
4 161 161
5 177 177
6 209 209
7 273 273
8 401 401
280
0 281 281
1 282 283
2 284 284
3 288 288
4 296 296
5 312 312
6 344 344
7 408 408
8 24 25
42
0 43 44
1 44 44
2 46 46
3 50 50
4 58 58
5 74 74
6 106 106
7 170 170
8 298 298
126
0 127 127
1 128 128
2 130 131
3 134 134
4 142 142
5 158 159
6 190 190
7 254 254
8 382 382
465
0 466 467
1 467 467
2 469 469
3 473 473
4 481 481
5 497 497
6 17 17
7 81 81
8 209 209
413
0 414 414
1 415 415
2 417 418
3 421 421
4 429 429
5 445 446
6 477 477
7 29 29
8 157 157
136
0 137 137
1 138 138
2 140 141
3 144 144
4 152 152
5 168 168
6 200 200
7 264 266
8 392 395
246
0 247 247
1 248 249
2 250 250
3 254 254
4 262 262
5 278 278
6 310 310
7 374 374
8 502 502
283
0 284 284
1 285 286
2 287 287
3 291 291
4 299 299
5 315 315
6 347 348
7 411 412
8 27 27
175
0 176 176
1 177 177
2 179 179
3 183 183
4 191 191
5 207 207
6 239 239
7 303 303
8 431 431
30
0 31 31
1 32 32
2 34 34
3 38 38
4 46 46
5 62 62
6 94 94
7 158 159
8 286 286
188
0 189 189
1 190 190
2 192 192
3 196 196
4 204 204
5 220 220
6 252 253
7 316 316
8 444 444
459
0 460 460
1 461 461
2 463 463
3 467 467
4 475 475
5 491 491
6 11 11
7 75 76
8 203 203
430
0 431 431
1 432 432
2 434 434
3 438 438
4 446 446
5 462 462
6 494 494
7 46 46
8 174 174
502
0 503 503
1 504 504
2 506 506
3 510 510
4 6 6
5 22 22
6 54 54
7 118 118
8 246 246
367
0 368 368
1 369 369
2 371 371
3 375 375
4 383 383
5 399 401
6 431 431
7 495 495
8 111 111
362
0 363 363
1 364 364
2 366 366
3 370 371
4 378 378
5 394 395
6 426 426
7 490 490
8 106 106
298
0 299 299
1 300 300
2 302 302
3 306 306
4 314 314
5 330 331
6 362 362
7 426 426
8 42 42
29
0 30 30
1 31 31
2 33 33
3 37 38
4 45 45
5 61 61
6 93 93
7 157 157
8 285 286
358
0 359 359
1 360 360
2 362 362
3 366 366
4 374 374
5 390 390
6 422 423
7 486 486
8 102 102
111
0 112 112
1 113 113
2 115 116
3 119 119
4 127 127
5 143 143
6 175 175
7 239 239
8 367 367
473
0 474 474
1 475 475
2 477 477
3 481 481
4 489 490
5 505 505
6 25 25
7 89 90
8 217 217
374
0 375 375
1 376 376
2 378 378
3 382 382
4 390 390
5 406 407
6 438 438
7 502 502
8 118 118
334
0 335 335
1 336 336
2 338 338
3 342 343
4 350 350
5 366 366
6 398 398
7 462 462
8 78 78
120
0 121 121
1 122 122
2 124 124
3 128 128
4 136 136
5 152 152
6 184 185
7 248 249
8 376 376
124
0 125 126
1 126 126
2 128 128
3 132 132
4 140 141
5 156 156
6 188 188
7 252 253
8 380 380
80
0 81 81
1 82 83
2 84 84
3 88 90
4 96 96
5 112 112
6 144 144
7 208 208
8 336 336
161
0 162 166
1 163 166
2 165 166
3 169 170
4 177 177
5 193 193
6 225 225
7 289 289
8 417 418
288
0 289 289
1 290 290
2 292 292
3 296 296
4 304 304
5 320 320
6 352 354
7 416 416
8 32 32
129
0 130 131
1 131 131
2 133 134
3 137 137
4 145 145
5 161 161
6 193 193
7 257 257
8 385 386
182
0 183 183
1 184 185
2 186 186
3 190 190
4 198 198
5 214 214
6 246 246
7 310 310
8 438 438
403
0 404 404
1 405 405
2 407 407
3 411 412
4 419 420
5 435 435
6 467 467
7 19 20
8 147 147
213
0 214 214
1 215 215
2 217 217
3 221 222
4 229 229
5 245 246
6 277 277
7 341 341
8 469 469
232
0 233 234
1 234 234
2 236 236
3 240 240
4 248 249
5 264 266
6 296 296
7 360 360
8 488 488
384
0 385 386
1 386 386
2 388 388
3 392 395
4 400 401
5 416 416
6 448 448
7 0 0
8 128 128
159
0 160 161
1 161 161
2 163 166
3 167 167
4 175 175
5 191 191
6 223 223
7 287 287
8 415 415
143
0 144 144
1 145 145
2 147 147
3 151 151
4 159 159
5 175 175
6 207 207
7 271 272
8 399 401
21
0 22 22
1 23 23
2 25 25
3 29 29
4 37 38
5 53 53
6 85 85
7 149 149
8 277 277
496
0 497 497
1 498 498
2 500 501
3 504 504
4 0 0
5 16 16
6 48 48
7 112 112
8 240 240
70
0 71 71
1 72 72
2 74 74
3 78 78
4 86 86
5 102 102
6 134 134
7 198 198
8 326 326
69
0 70 70
1 71 71
2 73 73
3 77 77
4 85 85
5 101 101
6 133 134
7 197 197
8 325 325
255
0 256 256
1 257 257
2 259 259
3 263 263
4 271 272
5 287 287
6 319 319
7 383 383
8 511 0
6
0 7 8
1 8 8
2 10 10
3 14 14
4 22 22
5 38 38
6 70 70
7 134 134
8 262 262
297
0 298 298
1 299 299
2 301 301
3 305 306
4 313 313
5 329 329
6 361 361
7 425 425
8 41 41
429
0 430 430
1 431 431
2 433 433
3 437 437
4 445 446
5 461 461
6 493 493
7 45 45
8 173 173
225
0 226 226
1 227 227
2 229 229
3 233 234
4 241 242
5 257 257
6 289 289
7 353 354
8 481 481
479
0 480 480
1 481 481
2 483 483
3 487 487
4 495 495
5 511 0
6 31 31
7 95 95
8 223 223
38
0 39 39
1 40 40
2 42 42
3 46 46
4 54 54
5 70 70
6 102 102
7 166 166
8 294 295
204
0 205 205
1 206 206
2 208 208
3 212 213
4 220 220
5 236 236
6 268 268
7 332 332
8 460 460
268
0 269 269
1 270 270
2 272 272
3 276 276
4 284 284
5 300 300
6 332 332
7 396 396
8 12 13
119
0 120 120
1 121 121
2 123 123
3 127 127
4 135 136
5 151 151
6 183 183
7 247 247
8 375 375
471
0 472 472
1 473 473
2 475 475
3 479 479
4 487 487
5 503 503
6 23 23
7 87 87
8 215 215
371
0 372 372
1 373 373
2 375 375
3 379 379
4 387 387
5 403 403
6 435 435
7 499 501
8 115 116
325
0 326 326
1 327 327
2 329 329
3 333 333
4 341 341
5 357 357
6 389 390
7 453 454
8 69 69
459
0 460 460
1 461 461
2 463 463
3 467 467
4 475 475
5 491 491
6 11 11
7 75 76
8 203 203
480
0 481 481
1 482 482
2 484 484
3 488 488
4 496 496
5 0 0
6 32 32
7 96 96
8 224 224
199
0 200 200
1 201 201
2 203 203
3 207 207
4 215 215
5 231 231
6 263 263
7 327 327
8 455 456
510
0 511 0
1 0 0
2 2 2
3 6 6
4 14 14
5 30 30
6 62 62
7 126 126
8 254 254
183
0 184 185
1 185 185
2 187 187
3 191 191
4 199 199
5 215 215
6 247 247
7 311 311
8 439 439
6
0 7 8
1 8 8
2 10 10
3 14 14
4 22 22
5 38 38
6 70 70
7 134 134
8 262 262
25
0 26 26
1 27 27
2 29 29
3 33 33
4 41 41
5 57 57
6 89 90
7 153 153
8 281 281
423
0 424 425
1 425 425
2 427 427
3 431 431
4 439 439
5 455 456
6 487 487
7 39 39
8 167 167
272
0 273 273
1 274 274
2 276 276
3 280 280
4 288 288
5 304 304
6 336 336
7 400 401
8 16 16
501
0 502 502
1 503 503
2 505 505
3 509 509
4 5 6
5 21 21
6 53 53
7 117 117
8 245 246
501
0 502 502
1 503 503
2 505 505
3 509 509
4 5 6
5 21 21
6 53 53
7 117 117
8 245 246
407
0 408 408
1 409 409
2 411 412
3 415 415
4 423 423
5 439 439
6 471 471
7 23 23
8 151 151
379
0 380 380
1 381 381
2 383 383
3 387 387
4 395 395
5 411 412
6 443 443
7 507 507
8 123 123
170
0 171 172
1 172 172
2 174 174
3 178 178
4 186 186
5 202 202
6 234 234
7 298 298
8 426 426
216
0 217 217
1 218 218
2 220 220
3 224 224
4 232 232
5 248 249
6 280 280
7 344 344
8 472 472
168
0 169 170
1 170 170
2 172 172
3 176 176
4 184 185
5 200 200
6 232 232
7 296 296
8 424 425
210
0 211 213
1 212 213
2 214 214
3 218 218
4 226 226
5 242 242
6 274 274
7 338 338
8 466 467
243
0 244 244
1 245 246
2 247 247
3 251 251
4 259 259
5 275 275
6 307 308
7 371 371
8 499 501
166
0 167 167
1 168 168
2 170 170
3 174 174
4 182 182
5 198 198
6 230 230
7 294 295
8 422 423
308
0 309 309
1 310 310
2 312 312
3 316 316
4 324 325
5 340 340
6 372 372
7 436 436
8 52 52
325
0 326 326
1 327 327
2 329 329
3 333 333
4 341 341
5 357 357
6 389 390
7 453 454
8 69 69
39
0 40 40
1 41 41
2 43 44
3 47 47
4 55 55
5 71 71
6 103 103
7 167 167
8 295 295
372
0 373 373
1 374 374
2 376 376
3 380 380
4 388 388
5 404 404
6 436 436
7 500 501
8 116 116
178
0 179 179
1 180 180
2 182 182
3 186 186
4 194 194
5 210 210
6 242 242
7 306 306
8 434 434
409
0 410 410
1 411 412
2 413 413
3 417 418
4 425 425
5 441 441
6 473 473
7 25 25
8 153 153
