16
0 17 17
1 18 18
2 20 20
3 24 24
4 0 1
22
0 23 23
1 24 24
2 26 26
3 30 1
4 6 7
20
0 21 21
1 22 22
2 24 24
3 28 28
4 4 4
27
0 28 28
1 29 29
2 31 1
3 3 3
4 11 11
7
0 8 8
1 9 9
2 11 11
3 15 15
4 23 23
10
0 11 11
1 12 12
2 14 14
3 18 18
4 26 26
2
0 3 3
1 4 4
2 6 7
3 10 10
4 18 18
1
0 2 2
1 3 3
2 5 5
3 9 9
4 17 17
13
0 14 14
1 15 15
2 17 17
3 21 21
4 29 29
5
0 6 7
1 7 7
2 9 9
3 13 13
4 21 21
9
0 10 10
1 11 11
2 13 13
3 17 17
4 25 25
17
0 18 18
1 19 19
2 21 21
3 25 25
4 1 1
25
0 26 26
1 27 27
2 29 29
3 1 1
4 9 9
15
0 16 16
1 17 17
2 19 19
3 23 23
4 31 1
14
0 15 15
1 16 16
2 18 18
3 22 22
4 30 1
29
0 30 1
1 31 1
2 1 1
3 5 5
4 13 13
1
0 2 2
1 3 3
2 5 5
3 9 9
4 17 17
11
0 12 12
1 13 13
2 15 15
3 19 19
4 27 27
12
0 13 13
1 14 14
2 16 16
3 20 20
4 28 28
21
0 22 22
1 23 23
2 25 25
3 29 29
4 5 5
28
0 29 29
1 30 1
2 0 1
3 4 4
4 12 12
3
0 4 4
1 5 5
2 7 7
3 11 11
4 19 19
18
0 19 19
1 20 20
2 22 22
3 26 26
4 2 2
8
0 9 9
1 10 10
2 12 12
3 16 16
4 24 24
4
0 5 5
1 6 7
2 8 8
3 12 12
4 20 20
